\BOOKMARK [1][-]{section.0.1}{\376\377\000G\000r\000u\000p\000p\000e\000n\000\040\000u\000n\000d\000\040\000M\000o\000n\000o\000i\000d\000e}{}% 1
\BOOKMARK [2][-]{section*.1}{\376\377\000M\000o\000n\000o\000i\000d}{section.0.1}% 2
\BOOKMARK [2][-]{Item.2}{\376\377\000G\000r\000u\000p\000p\000e}{section.0.1}% 3
\BOOKMARK [2][-]{Item.26}{\376\377\000R\000i\000n\000g}{section.0.1}% 4
\BOOKMARK [2][-]{Item.29}{\376\377\000O\000r\000d\000n\000u\000n\000g}{section.0.1}% 5
\BOOKMARK [2][-]{thm.0.9}{\376\377\000U\000n\000t\000e\000r\000m\000o\000n\000o\000i\000d\000/\000U\000n\000t\000e\000r\000g\000r\000u\000p\000p\000e}{section.0.1}% 6
\BOOKMARK [2][-]{thm.0.14}{\376\377\000E\000r\000z\000e\000u\000g\000e\000r}{section.0.1}% 7
\BOOKMARK [2][-]{thm.0.16}{\376\377\000Z\000y\000k\000l\000i\000s\000c\000h\000e\000\040\000G\000r\000u\000p\000p\000e}{section.0.1}% 8
\BOOKMARK [2][-]{thm.0.21}{\376\377\000S\000a\000t\000z\000\040\000v\000o\000n\000\040\000L\000a\000g\000r\000a\000n\000g\000e}{section.0.1}% 9
\BOOKMARK [2][-]{Item.60}{\376\377\000E\000x\000p\000o\000n\000e\000n\000t\000\040\000e\000i\000n\000e\000r\000\040\000G\000r\000u\000p\000p\000e}{section.0.1}% 10
\BOOKMARK [1][-]{section.0.2}{\376\377\000G\000r\000u\000p\000p\000e\000n\000h\000o\000m\000o\000m\000o\000r\000p\000h\000i\000s\000m\000e\000n}{}% 11
\BOOKMARK [2][-]{section*.2}{\376\377\000H\000o\000m\000o\000m\000o\000r\000p\000h\000i\000s\000m\000u\000s}{section.0.2}% 12
\BOOKMARK [2][-]{Item.88}{\376\377\000I\000s\000o\000m\000o\000r\000p\000h\000i\000s\000m\000u\000s}{section.0.2}% 13
\BOOKMARK [1][-]{Item.105}{\376\377\000N\000o\000r\000m\000a\000l\000t\000e\000i\000l\000e\000r}{}% 14
\BOOKMARK [2][-]{thm.0.42}{\376\377\000K\000o\000m\000m\000u\000t\000a\000t\000o\000r\000/\000K\000o\000m\000m\000u\000t\000a\000t\000o\000r\000u\000n\000t\000e\000r\000g\000r\000u\000p\000p\000e}{Item.105}% 15
\BOOKMARK [2][-]{Item.128}{\376\377\000F\000a\000k\000t\000o\000r\000-\000/\000Q\000u\000o\000t\000i\000e\000n\000t\000e\000n\000g\000r\000u\000p\000p\000e}{Item.105}% 16
\BOOKMARK [1][-]{Item.128}{\376\377\000H\000o\000m\000o\000m\000o\000r\000p\000h\000i\000e\000s\000a\000t\000z\000\040\000f\000\374\000r\000\040\000G\000r\000u\000p\000p\000e\000n}{}% 17
\BOOKMARK [1][-]{Item.132}{\376\377\000E\000i\000n\000s\000c\000h\000u\000b\000:\000\040\000F\000a\000k\000t\000o\000r\000r\000i\000n\000g\000e}{}% 18
\BOOKMARK [1][-]{Item.142}{\376\377\000D\000i\000e\000\040\000I\000s\000o\000m\000o\000r\000p\000h\000i\000e\000s\000\344\000t\000z\000e}{}% 19
\BOOKMARK [2][-]{section*.5}{\376\377\000E\000r\000s\000t\000e\000r\000\040\000I\000s\000o\000m\000o\000r\000p\000h\000i\000e\000s\000a\000t\000z}{Item.142}% 20
\BOOKMARK [2][-]{Item.148}{\376\377\000Z\000w\000e\000i\000t\000e\000r\000\040\000I\000s\000o\000m\000o\000r\000p\000h\000i\000e\000s\000a\000t\000z}{Item.142}% 21
\BOOKMARK [1][-]{Item.152}{\376\377\000\050\000S\000e\000m\000i\000-\000\051\000d\000i\000r\000e\000k\000t\000e\000\040\000P\000r\000o\000d\000u\000k\000t\000e}{}% 22
\BOOKMARK [2][-]{thm.0.56}{\376\377\000S\000e\000m\000i\000-\000d\000i\000r\000e\000k\000t\000e\000s\000\040\000P\000r\000o\000d\000u\000k\000t}{Item.152}% 23
