\BOOKMARK [1][-]{section.0.1}{\376\377\000S\000t\000r\000u\000k\000t\000u\000r\000t\000h\000e\000o\000r\000i\000e\000\040\000z\000u\000\040\000G\000r\000u\000p\000p\000e\000n\000\040\000\050\000`\000`\000E\000i\000n\000i\000g\000e\000\040\000A\000u\000s\000s\000a\000g\000e\000n\000'\000'\000\051}{}% 1
\BOOKMARK [1][-]{section.0.1}{\376\377\000W\000i\000r\000k\000u\000n\000g\000e\000n}{}% 2
\BOOKMARK [2][-]{Item.10}{\376\377\000E\000i\000g\000e\000n\000s\000c\000h\000a\000f\000t\000e\000n\000\040\000v\000o\000n\000\040\000W\000i\000r\000k\000u\000n\000g\000e\000n}{section.0.1}% 3
\BOOKMARK [2][-]{thm.0.3}{\376\377\000B\000a\000h\000n}{section.0.1}% 4
\BOOKMARK [2][-]{Item.29}{\376\377\000S\000a\000t\000z\000\040\000v\000o\000n\000\040\000C\000a\000y\000l\000e\000y}{section.0.1}% 5
\BOOKMARK [2][-]{thm.0.6}{\376\377\000S\000t\000a\000b\000i\000l\000i\000s\000a\000t\000o\000r}{section.0.1}% 6
\BOOKMARK [2][-]{Item.33}{\376\377\000B\000a\000h\000n\000g\000l\000e\000i\000c\000h\000u\000n\000g}{section.0.1}% 7
\BOOKMARK [2][-]{thm.0.10}{\376\377\000F\000r\000e\000i\000e\000\040\000O\000p\000e\000r\000a\000t\000i\000o\000n}{section.0.1}% 8
\BOOKMARK [2][-]{Item.34}{\376\377\000F\000i\000x\000p\000u\000n\000k\000t\000e}{section.0.1}% 9
\BOOKMARK [2][-]{Item.37}{\376\377\000K\000o\000n\000j\000u\000g\000a\000t\000i\000o\000n\000s\000k\000l\000a\000s\000s\000e}{section.0.1}% 10
\BOOKMARK [2][-]{Item.37}{\376\377\000K\000l\000a\000s\000s\000e\000n\000g\000l\000e\000i\000c\000h\000u\000n\000g}{section.0.1}% 11
\BOOKMARK [2][-]{thm.0.12}{\376\377\000p\000-\000G\000r\000u\000p\000p\000e}{section.0.1}% 12
\BOOKMARK [2][-]{thm.0.14}{\376\377\000S\000a\000t\000z\000\040\000v\000o\000n\000\040\000C\000a\000u\000c\000h\000y}{section.0.1}% 13
\BOOKMARK [1][-]{section.0.2}{\376\377\000P\000e\000r\000m\000u\000t\000a\000t\000i\000o\000n\000s\000g\000r\000u\000p\000p\000e\000n}{}% 14
\BOOKMARK [2][-]{thm.0.17}{\376\377\000T\000r\000\344\000g\000e\000r}{section.0.2}% 15
\BOOKMARK [2][-]{Item.40}{\376\377\000d\000i\000s\000j\000u\000n\000k\000t\000e\000\040\000P\000e\000r\000m\000u\000t\000a\000t\000i\000o\000n\000e\000n}{section.0.2}% 16
\BOOKMARK [2][-]{thm.0.21}{\376\377\000Z\000y\000k\000e\000l\000/\000T\000r\000a\000n\000s\000p\000o\000s\000i\000t\000i\000o\000n}{section.0.2}% 17
\BOOKMARK [2][-]{Item.49}{\376\377\000Z\000y\000k\000e\000l\000d\000a\000r\000s\000t\000e\000l\000l\000u\000n\000g\000\040\000v\000o\000n\000\040\000P\000e\000r\000m\000u\000t\000a\000t\000i\000o\000n\000e\000n}{section.0.2}% 18
\BOOKMARK [2][-]{thm.0.23}{\376\377\000Y\000o\000u\000n\000g\000-\000D\000i\000a\000g\000r\000a\000m\000m\000/\000P\000a\000r\000t\000i\000t\000i\000o\000n}{section.0.2}% 19
\BOOKMARK [2][-]{Item.61}{\376\377\000S\000i\000g\000n\000u\000m\000-\000F\000u\000n\000k\000t\000i\000o\000n\000/\000A\000l\000t\000e\000r\000n\000i\000e\000r\000e\000n\000d\000e\000\040\000G\000r\000u\000p\000p\000e}{section.0.2}% 20
\BOOKMARK [2][-]{Item.74}{\376\377\000E\000i\000n\000f\000a\000c\000h\000e\000\040\000G\000r\000u\000p\000p\000e}{section.0.2}% 21
\BOOKMARK [1][-]{section.0.3}{\376\377\000S\000y\000l\000o\000w\000\040\000T\000h\000e\000o\000r\000e\000m\000e}{}% 22
\BOOKMARK [2][-]{section*.1}{\376\377\000S\000y\000l\000o\000w\000\040\000I}{section.0.3}% 23
\BOOKMARK [2][-]{Item.88}{\376\377\000S\000a\000t\000z\000\040\000v\000o\000n\000\040\000C\000a\000u\000c\000h\000y}{section.0.3}% 24
\BOOKMARK [2][-]{thm.0.31}{\376\377\000p\000-\000S\000y\000l\000o\000w\000\040\000G\000r\000u\000p\000p\000e}{section.0.3}% 25
\BOOKMARK [2][-]{thm.0.32}{\376\377\000N\000o\000r\000m\000a\000l\000i\000s\000a\000t\000o\000r}{section.0.3}% 26
\BOOKMARK [2][-]{Item.96}{\376\377\000S\000y\000l\000o\000w\000\040\000I\000I}{section.0.3}% 27
\BOOKMARK [1][-]{section.0.4}{\376\377\000A\000u\000f\000l\000\366\000s\000b\000a\000r\000e\000\040\000G\000r\000u\000p\000p\000e\000n}{}% 28
\BOOKMARK [2][-]{Item.116}{\376\377\000J\000o\000r\000d\000a\000n\000-\000H\000\366\000l\000d\000e\000r\000\040\000S\000a\000t\000z}{section.0.4}% 29
